Using pre-set license
Built from '2022.3/release' branch; Version is '2022.3.12f1 (4fe6e059c7ef) revision 5236448'; Using compiler version '192829333'; Build Type 'Release'
OS: 'Windows 10  (10.0.19045) 64bit Enterprise' Language: 'es' Physical Memory: 31892 MB
BatchMode: 1, IsHumanControllingUs: 0, StartBugReporterOnCrash: 0, Is64bit: 1, IsPro: 1

COMMAND LINE ARGUMENTS:
C:\Program Files\Unity\Hub\Editor\2022.3.12f1\Editor\Unity.exe
-adb2
-batchMode
-noUpm
-name
AssetImportWorker1
-projectPath
C:/Users/Edgar Psda/Documents/Unity Projects/combat-rpg-3d
-logFile
Logs/AssetImportWorker1.log
-srvPort
60699
Successfully changed project path to: C:/Users/Edgar Psda/Documents/Unity Projects/combat-rpg-3d
C:/Users/Edgar Psda/Documents/Unity Projects/combat-rpg-3d
[UnityMemory] Configuration Parameters - Can be set up in boot.config
    "memorysetup-bucket-allocator-granularity=16"
    "memorysetup-bucket-allocator-bucket-count=8"
    "memorysetup-bucket-allocator-block-size=33554432"
    "memorysetup-bucket-allocator-block-count=8"
    "memorysetup-main-allocator-block-size=16777216"
    "memorysetup-thread-allocator-block-size=16777216"
    "memorysetup-gfx-main-allocator-block-size=16777216"
    "memorysetup-gfx-thread-allocator-block-size=16777216"
    "memorysetup-cache-allocator-block-size=4194304"
    "memorysetup-typetree-allocator-block-size=2097152"
    "memorysetup-profiler-bucket-allocator-granularity=16"
    "memorysetup-profiler-bucket-allocator-bucket-count=8"
    "memorysetup-profiler-bucket-allocator-block-size=33554432"
    "memorysetup-profiler-bucket-allocator-block-count=8"
    "memorysetup-profiler-allocator-block-size=16777216"
    "memorysetup-profiler-editor-allocator-block-size=1048576"
    "memorysetup-temp-allocator-size-main=16777216"
    "memorysetup-job-temp-allocator-block-size=2097152"
    "memorysetup-job-temp-allocator-block-size-background=1048576"
    "memorysetup-job-temp-allocator-reduction-small-platforms=262144"
    "memorysetup-allocator-temp-initial-block-size-main=262144"
    "memorysetup-allocator-temp-initial-block-size-worker=262144"
    "memorysetup-temp-allocator-size-background-worker=32768"
    "memorysetup-temp-allocator-size-job-worker=262144"
    "memorysetup-temp-allocator-size-preload-manager=33554432"
    "memorysetup-temp-allocator-size-nav-mesh-worker=65536"
    "memorysetup-temp-allocator-size-audio-worker=65536"
    "memorysetup-temp-allocator-size-cloud-worker=32768"
    "memorysetup-temp-allocator-size-gi-baking-worker=262144"
    "memorysetup-temp-allocator-size-gfx=262144"
Player connection [7372] Host "[IP] 192.168.100.13 [Port] 0 [Flags] 2 [Guid] 4042764048 [EditorId] 4042764048 [Version] 1048832 [Id] WindowsEditor(7,DESKTOP-JDN4FF0) [Debug] 1 [PackageName] WindowsEditor [ProjectName] Editor" joined multi-casting on [225.0.0.222:54997]...

Player connection [7372] Host "[IP] 192.168.100.13 [Port] 0 [Flags] 2 [Guid] 4042764048 [EditorId] 4042764048 [Version] 1048832 [Id] WindowsEditor(7,DESKTOP-JDN4FF0) [Debug] 1 [PackageName] WindowsEditor [ProjectName] Editor" joined alternative multi-casting on [225.0.0.222:34997]...

[Physics::Module] Initialized MultithreadedJobDispatcher with 15 workers.
Refreshing native plugins compatible for Editor in 6.65 ms, found 3 plugins.
Preloading 0 native plugins for Editor in 0.00 ms.
Initialize engine version: 2022.3.12f1 (4fe6e059c7ef)
[Subsystems] Discovering subsystems at path C:/Program Files/Unity/Hub/Editor/2022.3.12f1/Editor/Data/Resources/UnitySubsystems
[Subsystems] Discovering subsystems at path C:/Users/Edgar Psda/Documents/Unity Projects/combat-rpg-3d/Assets
GfxDevice: creating device client; threaded=0; jobified=0
Direct3D:
    Version:  Direct3D 11.0 [level 11.1]
    Renderer: NVIDIA GeForce RTX 4060 Ti (ID=0x2805)
    Vendor:   NVIDIA
    VRAM:     16123 MB
    Driver:   31.0.15.4601
Initialize mono
Mono path[0] = 'C:/Program Files/Unity/Hub/Editor/2022.3.12f1/Editor/Data/Managed'
Mono path[1] = 'C:/Program Files/Unity/Hub/Editor/2022.3.12f1/Editor/Data/MonoBleedingEdge/lib/mono/unityjit-win32'
Mono config path = 'C:/Program Files/Unity/Hub/Editor/2022.3.12f1/Editor/Data/MonoBleedingEdge/etc'
Using monoOptions --debugger-agent=transport=dt_socket,embedding=1,server=y,suspend=n,address=127.0.0.1:56648
Begin MonoManager ReloadAssembly
Registering precompiled unity dll's ...
Register platform support module: C:/Program Files/Unity/Hub/Editor/2022.3.12f1/Editor/Data/PlaybackEngines/WebGLSupport/UnityEditor.WebGL.Extensions.dll
Register platform support module: C:/Program Files/Unity/Hub/Editor/2022.3.12f1/Editor/Data/PlaybackEngines/WindowsStandaloneSupport/UnityEditor.WindowsStandalone.Extensions.dll
Registered in 0.008467 seconds.
- Loaded All Assemblies, in  0.214 seconds
Native extension for WindowsStandalone target not found
Native extension for WebGL target not found
Mono: successfully reloaded assembly
- Finished resetting the current domain, in  0.147 seconds
Domain Reload Profiling: 359ms
	BeginReloadAssembly (67ms)
		ExecutionOrderSort (0ms)
		DisableScriptedObjects (0ms)
		BackupInstance (0ms)
		ReleaseScriptingObjects (0ms)
		CreateAndSetChildDomain (0ms)
	RebuildCommonClasses (19ms)
	RebuildNativeTypeToScriptingClass (6ms)
	initialDomainReloadingComplete (42ms)
	LoadAllAssembliesAndSetupDomain (77ms)
		LoadAssemblies (65ms)
		RebuildTransferFunctionScriptingTraits (0ms)
		AnalyzeDomain (76ms)
			TypeCache.Refresh (75ms)
				TypeCache.ScanAssembly (67ms)
			ScanForSourceGeneratedMonoScriptInfo (0ms)
			ResolveRequiredComponents (0ms)
	FinalizeReload (147ms)
		ReleaseScriptCaches (0ms)
		RebuildScriptCaches (0ms)
		SetupLoadedEditorAssemblies (114ms)
			LogAssemblyErrors (0ms)
			InitializePlatformSupportModulesInManaged (7ms)
			SetLoadedEditorAssemblies (3ms)
			RefreshPlugins (0ms)
			BeforeProcessingInitializeOnLoad (1ms)
			ProcessInitializeOnLoadAttributes (74ms)
			ProcessInitializeOnLoadMethodAttributes (28ms)
			AfterProcessingInitializeOnLoad (0ms)
			EditorAssembliesLoaded (0ms)
		ExecutionOrderSort2 (0ms)
		AwakeInstancesAfterBackupRestoration (0ms)
========================================================================
Worker process is ready to serve import requests
Begin MonoManager ReloadAssembly
- Loaded All Assemblies, in  0.398 seconds
Refreshing native plugins compatible for Editor in 2.49 ms, found 3 plugins.
Native extension for WindowsStandalone target not found
Native extension for WebGL target not found
Package Manager log level set to [2]
[Package Manager] Server::EnsureServerProcessIsRunning -- launch failed, reason: Unity was launched with the -noUpm command-line argument
[Package Manager] UpmClient::Send -- Unable to send message (not connected to UPM process).
[Package Manager] Cannot connect to Unity Package Manager local server
Mono: successfully reloaded assembly
- Finished resetting the current domain, in  0.340 seconds
Domain Reload Profiling: 735ms
	BeginReloadAssembly (96ms)
		ExecutionOrderSort (0ms)
		DisableScriptedObjects (3ms)
		BackupInstance (0ms)
		ReleaseScriptingObjects (0ms)
		CreateAndSetChildDomain (16ms)
	RebuildCommonClasses (19ms)
	RebuildNativeTypeToScriptingClass (6ms)
	initialDomainReloadingComplete (28ms)
	LoadAllAssembliesAndSetupDomain (246ms)
		LoadAssemblies (194ms)
		RebuildTransferFunctionScriptingTraits (0ms)
		AnalyzeDomain (105ms)
			TypeCache.Refresh (93ms)
				TypeCache.ScanAssembly (83ms)
			ScanForSourceGeneratedMonoScriptInfo (9ms)
			ResolveRequiredComponents (2ms)
	FinalizeReload (341ms)
		ReleaseScriptCaches (0ms)
		RebuildScriptCaches (0ms)
		SetupLoadedEditorAssemblies (258ms)
			LogAssemblyErrors (0ms)
			InitializePlatformSupportModulesInManaged (6ms)
			SetLoadedEditorAssemblies (2ms)
			RefreshPlugins (0ms)
			BeforeProcessingInitializeOnLoad (41ms)
			ProcessInitializeOnLoadAttributes (190ms)
			ProcessInitializeOnLoadMethodAttributes (11ms)
			AfterProcessingInitializeOnLoad (7ms)
			EditorAssembliesLoaded (0ms)
		ExecutionOrderSort2 (0ms)
		AwakeInstancesAfterBackupRestoration (5ms)
Launched and connected shader compiler UnityShaderCompiler.exe after 0.08 seconds
Refreshing native plugins compatible for Editor in 3.66 ms, found 3 plugins.
Preloading 0 native plugins for Editor in 0.00 ms.
Unloading 3278 Unused Serialized files (Serialized files now loaded: 0)
Unloading 45 unused Assets / (130.3 KB). Loaded Objects now: 3738.
Memory consumption went from 130.3 MB to 130.2 MB.
Total: 2.246600 ms (FindLiveObjects: 0.201800 ms CreateObjectMapping: 0.074800 ms MarkObjects: 1.866400 ms  DeleteObjects: 0.102700 ms)

AssetImportParameters requested are different than current active one (requested -> active):
  custom:container-demuxer-ogg: 62fdf1f143b41e24485cea50d1cbac27 -> 
  custom:video-decoder-ogg-theora: a1e56fd34408186e4bbccfd4996cb3dc -> 
  custom:framework-win-MediaFoundation: 216162199b28c13a410421893ffa2e32 -> 
  custom:CustomObjectIndexerAttribute: 756ad292c208cfabdd7b50bc23989ffe -> 
  custom:container-demuxer-webm: 4f35f7cbe854078d1ac9338744f61a02 -> 
  custom:container-muxer-webm: aa71ff27fc2769a1b78a27578f13a17b -> 
  custom:video-decoder-webm-vp8: 9c59270c3fd7afecdb556c50c9e8de78 -> 
  custom:SearchIndexIgnoredProperties: e643bd26f0fe6173181afceb89e7c659 -> 
  custom:AudioImporter_EditorPlatform: d09bf68614088b80899f8185d706f6e7 -> 
  custom:video-encoder-webm-vp8: eb34c28f22e8b96e1ab97ce403110664 -> 
  custom:audio-decoder-ogg-vorbis: bf7c407c2cedff20999df2af8eb42d56 -> 
  custom:audio-encoder-webm-vorbis: bf7c407c2cedff20999df2af8eb42d56 -> 
========================================================================
Received Import Request.
  Time since last request: 513070.686568 seconds.
  path: Assets/Enemies/SkeletonOutlaw/Prefabs/SkeletonOutlaw_NoArmor - LOD0.prefab
  artifactKey: Guid(46ed63af97cc2db47b121fc1b2cc6bf0) Importer(815301076,1909f56bfc062723c751e8b465ee728b)
Start importing Assets/Enemies/SkeletonOutlaw/Prefabs/SkeletonOutlaw_NoArmor - LOD0.prefab using Guid(46ed63af97cc2db47b121fc1b2cc6bf0) Importer(815301076,1909f56bfc062723c751e8b465ee728b)  -> (artifact id: '1f1c49ac9361b0330794930f0bd938f2') in 0.159097 seconds
Number of updated asset objects reloaded before import = 0
Number of asset objects unloaded after import = 205
========================================================================
Received Import Request.
  Time since last request: 89.132837 seconds.
  path: Assets/Enemies/SkeletonOutlaw/Animations/SkeletonOutlaw@Attack01.fbx
  artifactKey: Guid(c588282f31b310f45b1c08e2159fe749) Importer(815301076,1909f56bfc062723c751e8b465ee728b)
Start importing Assets/Enemies/SkeletonOutlaw/Animations/SkeletonOutlaw@Attack01.fbx using Guid(c588282f31b310f45b1c08e2159fe749) Importer(815301076,1909f56bfc062723c751e8b465ee728b)  -> (artifact id: '452d58be575c9e005b04fc93f71548bf') in 0.002950 seconds
Number of updated asset objects reloaded before import = 0
Number of asset objects unloaded after import = 141
========================================================================
Received Import Request.
  Time since last request: 0.003515 seconds.
  path: Assets/Enemies/SkeletonOutlaw/Animations/SkeletonOutlaw@Damage00.fbx
  artifactKey: Guid(e263228e6d15f8e4c91604a4e0af284d) Importer(815301076,1909f56bfc062723c751e8b465ee728b)
Start importing Assets/Enemies/SkeletonOutlaw/Animations/SkeletonOutlaw@Damage00.fbx using Guid(e263228e6d15f8e4c91604a4e0af284d) Importer(815301076,1909f56bfc062723c751e8b465ee728b)  -> (artifact id: '4a2e112ac03c83b2a005eb04cb17e86e') in 0.002091 seconds
Number of updated asset objects reloaded before import = 0
Number of asset objects unloaded after import = 141
========================================================================
Received Import Request.
  Time since last request: 0.005745 seconds.
  path: Assets/Enemies/SkeletonOutlaw/Animations/SkeletonOutlaw@Idle00.fbx
  artifactKey: Guid(82e575599256ad74eb867a78e686a10f) Importer(815301076,1909f56bfc062723c751e8b465ee728b)
Start importing Assets/Enemies/SkeletonOutlaw/Animations/SkeletonOutlaw@Idle00.fbx using Guid(82e575599256ad74eb867a78e686a10f) Importer(815301076,1909f56bfc062723c751e8b465ee728b)  -> (artifact id: '8ca377d3de2a63f40a7bb7b7b213f92b') in 0.003162 seconds
Number of updated asset objects reloaded before import = 0
Number of asset objects unloaded after import = 141
========================================================================
Received Import Request.
  Time since last request: 0.000010 seconds.
  path: Assets/Enemies/SkeletonOutlaw/Animations/SkeletonOutlaw@Jump00 [NoRootMotion].fbx
  artifactKey: Guid(4d1c1663ca126144f9813d9ddd1dd119) Importer(815301076,1909f56bfc062723c751e8b465ee728b)
Start importing Assets/Enemies/SkeletonOutlaw/Animations/SkeletonOutlaw@Jump00 [NoRootMotion].fbx using Guid(4d1c1663ca126144f9813d9ddd1dd119) Importer(815301076,1909f56bfc062723c751e8b465ee728b)  -> (artifact id: '24a527e99021ea37071b0157bbb99b1b') in 0.002285 seconds
Number of updated asset objects reloaded before import = 0
Number of asset objects unloaded after import = 141
========================================================================
Received Import Request.
  Time since last request: 0.000011 seconds.
  path: Assets/Enemies/SkeletonOutlaw/Animations/SkeletonOutlaw@Jump00.fbx
  artifactKey: Guid(4bc25127a9f389d4b8db324cd85a7080) Importer(815301076,1909f56bfc062723c751e8b465ee728b)
Start importing Assets/Enemies/SkeletonOutlaw/Animations/SkeletonOutlaw@Jump00.fbx using Guid(4bc25127a9f389d4b8db324cd85a7080) Importer(815301076,1909f56bfc062723c751e8b465ee728b)  -> (artifact id: 'b2ff3c6dce4c47998711e0be41af5dd5') in 0.002485 seconds
Number of updated asset objects reloaded before import = 0
Number of asset objects unloaded after import = 141
========================================================================
Received Import Request.
  Time since last request: 0.000010 seconds.
  path: Assets/Enemies/SkeletonOutlaw/Animations/SkeletonOutlaw@Damage01.fbx
  artifactKey: Guid(c1af99e72b0b5b042bd297ee3ff95372) Importer(815301076,1909f56bfc062723c751e8b465ee728b)
Start importing Assets/Enemies/SkeletonOutlaw/Animations/SkeletonOutlaw@Damage01.fbx using Guid(c1af99e72b0b5b042bd297ee3ff95372) Importer(815301076,1909f56bfc062723c751e8b465ee728b)  -> (artifact id: 'f8c289fb3611e464216ea891498273cf') in 0.001997 seconds
Number of updated asset objects reloaded before import = 0
Number of asset objects unloaded after import = 141
========================================================================
Received Import Request.
  Time since last request: 0.000009 seconds.
  path: Assets/Enemies/SkeletonOutlaw/Animations/SkeletonOutlaw@Idle01.fbx
  artifactKey: Guid(6f532e8c9aa994741b00c8f23c9ee923) Importer(815301076,1909f56bfc062723c751e8b465ee728b)
Start importing Assets/Enemies/SkeletonOutlaw/Animations/SkeletonOutlaw@Idle01.fbx using Guid(6f532e8c9aa994741b00c8f23c9ee923) Importer(815301076,1909f56bfc062723c751e8b465ee728b)  -> (artifact id: '569f3a1130f3b8baed80d813ecfa0a8e') in 0.002390 seconds
Number of updated asset objects reloaded before import = 0
Number of asset objects unloaded after import = 141
Editor requested this worker to shutdown with reason: Scaling down because of idle timeout
TcpMessagingSession - receive error: operation aborted. errorcode: 995, details: La operación de E/S se anuló por una salida de subproceso o por una solicitud de aplicación.
AssetImportWorker is now disconnected from the server
Process exiting
Exiting without the bug reporter. Application will terminate with return code 0